{
    "Role": {
        "Path": "/",
        "RoleName": "lambda-basic-execute-and-log",
        "RoleId": "AROAW6LG2TSTQ4NNBUFDR",
        "Arn": "arn:aws:iam::477493894311:role/lambda-basic-execute-and-log",
        "CreateDate": "2023-05-13T17:12:03+00:00",
        "AssumeRolePolicyDocument": {
            "Version": "2012-10-17",
            "Statement": [
                {
                    "Effect": "Allow",
                    "Principal": {
                        "Service": "lambda.amazonaws.com"
                    },
                    "Action": "sts:AssumeRole"
                }
            ]
        }
    }
}
